running develop
running egg_info
creating skysentry.egg-info
writing skysentry.egg-info/PKG-INFO
writing dependency_links to skysentry.egg-info/dependency_links.txt
writing requirements to skysentry.egg-info/requires.txt
writing top-level names to skysentry.egg-info/top_level.txt
writing manifest file 'skysentry.egg-info/SOURCES.txt'
reading manifest file 'skysentry.egg-info/SOURCES.txt'
writing manifest file 'skysentry.egg-info/SOURCES.txt'
running build_ext
Creating /root/dronesim/dronews/install/skysentry/lib/python3.10/site-packages/skysentry.egg-link (link to .)
Installing roskeypub.py script to /root/dronesim/dronews/install/skysentry/lib/skysentry
Installing mavlinkros.py script to /root/dronesim/dronews/install/skysentry/lib/skysentry

Installed /root/dronesim/dronews/build/skysentry
running symlink_data
creating /root/dronesim/dronews/install/skysentry/share/ament_index
creating /root/dronesim/dronews/install/skysentry/share/ament_index/resource_index
creating /root/dronesim/dronews/install/skysentry/share/ament_index/resource_index/packages
symbolically linking /root/dronesim/dronews/build/skysentry/resource/skysentry -> /root/dronesim/dronews/install/skysentry/share/ament_index/resource_index/packages
symbolically linking /root/dronesim/dronews/build/skysentry/package.xml -> /root/dronesim/dronews/install/skysentry/share/skysentry
creating /root/dronesim/dronews/install/skysentry/share/skysentry/launch
symbolically linking /root/dronesim/dronews/build/skysentry/launch/dronelaunch.launch.py -> /root/dronesim/dronews/install/skysentry/share/skysentry/launch
