[0.388s] Invoking command in '/root/dronesim/dronews/build/skysentry': PYTHONPATH=/root/dronesim/dronews/build/skysentry/prefix_override:/usr/lib/python3/dist-packages/colcon_core/task/python/colcon_distutils_commands:/root/dronesim/dronews/install/skysentry/lib/python3.10/site-packages:${PYTHONPATH} /usr/bin/python3 -W ignore:setup.py install is deprecated setup.py develop --editable --build-directory /root/dronesim/dronews/build/skysentry/build --no-deps symlink_data
[0.546s] running develop
[0.547s] /usr/lib/python3/dist-packages/setuptools/command/easy_install.py:158: EasyInstallDeprecationWarning: easy_install command is deprecated. Use build and pip and other standards-based tools.
[0.547s]   warnings.warn(
[0.624s] running egg_info
[0.624s] creating skysentry.egg-info
[0.624s] writing skysentry.egg-info/PKG-INFO
[0.624s] writing dependency_links to skysentry.egg-info/dependency_links.txt
[0.624s] writing requirements to skysentry.egg-info/requires.txt
[0.624s] writing top-level names to skysentry.egg-info/top_level.txt
[0.625s] writing manifest file 'skysentry.egg-info/SOURCES.txt'
[0.625s] reading manifest file 'skysentry.egg-info/SOURCES.txt'
[0.625s] writing manifest file 'skysentry.egg-info/SOURCES.txt'
[0.626s] running build_ext
[0.627s] Creating /root/dronesim/dronews/install/skysentry/lib/python3.10/site-packages/skysentry.egg-link (link to .)
[0.628s] Installing roskeypub.py script to /root/dronesim/dronews/install/skysentry/lib/skysentry
[0.628s] Installing mavlinkros.py script to /root/dronesim/dronews/install/skysentry/lib/skysentry
[0.628s] 
[0.628s] Installed /root/dronesim/dronews/build/skysentry
[0.629s] running symlink_data
[0.629s] creating /root/dronesim/dronews/install/skysentry/share/ament_index
[0.629s] creating /root/dronesim/dronews/install/skysentry/share/ament_index/resource_index
[0.629s] creating /root/dronesim/dronews/install/skysentry/share/ament_index/resource_index/packages
[0.629s] symbolically linking /root/dronesim/dronews/build/skysentry/resource/skysentry -> /root/dronesim/dronews/install/skysentry/share/ament_index/resource_index/packages
[0.629s] symbolically linking /root/dronesim/dronews/build/skysentry/package.xml -> /root/dronesim/dronews/install/skysentry/share/skysentry
[0.629s] creating /root/dronesim/dronews/install/skysentry/share/skysentry/launch
[0.629s] symbolically linking /root/dronesim/dronews/build/skysentry/launch/dronelaunch.launch.py -> /root/dronesim/dronews/install/skysentry/share/skysentry/launch
[0.646s] Invoked command in '/root/dronesim/dronews/build/skysentry' returned '0': PYTHONPATH=/root/dronesim/dronews/build/skysentry/prefix_override:/usr/lib/python3/dist-packages/colcon_core/task/python/colcon_distutils_commands:/root/dronesim/dronews/install/skysentry/lib/python3.10/site-packages:${PYTHONPATH} /usr/bin/python3 -W ignore:setup.py install is deprecated setup.py develop --editable --build-directory /root/dronesim/dronews/build/skysentry/build --no-deps symlink_data
